<?xml version="1.0" encoding="UTF-8"?>
<testng-results ignored="0" total="4" passed="4" failed="0" skipped="0">
  <reporter-output>
  </reporter-output>
  <suite started-at="2025-08-05T12:52:59 IST" name="Default suite" finished-at="2025-08-05T12:53:12 IST" duration-ms="12360">
    <groups>
    </groups>
    <test started-at="2025-08-05T12:52:59 IST" name="Default test" finished-at="2025-08-05T12:53:12 IST" duration-ms="12360">
      <class name="testScript.LoginTest">
        <test-method is-config="true" signature="browserInitilization()[pri:0, instance:testScript.LoginTest@6aeb35e6]" started-at="2025-08-05T12:52:59 IST" name="browserInitilization" finished-at="2025-08-05T12:53:02 IST" duration-ms="2973" status="PASS">
          <reporter-output>
          </reporter-output>
        </test-method> <!-- browserInitilization -->
        <test-method signature="correctUsernameAndPassword()[pri:1, instance:testScript.LoginTest@6aeb35e6]" started-at="2025-08-05T12:53:02 IST" name="correctUsernameAndPassword" finished-at="2025-08-05T12:53:04 IST" duration-ms="1200" status="PASS">
          <reporter-output>
          </reporter-output>
        </test-method> <!-- correctUsernameAndPassword -->
        <test-method is-config="true" signature="browserQuitAndClose()[pri:0, instance:testScript.LoginTest@6aeb35e6]" started-at="2025-08-05T12:53:04 IST" name="browserQuitAndClose" finished-at="2025-08-05T12:53:04 IST" duration-ms="393" status="PASS">
          <reporter-output>
          </reporter-output>
        </test-method> <!-- browserQuitAndClose -->
        <test-method is-config="true" signature="browserInitilization()[pri:0, instance:testScript.LoginTest@6aeb35e6]" started-at="2025-08-05T12:53:04 IST" name="browserInitilization" finished-at="2025-08-05T12:53:06 IST" duration-ms="1697" status="PASS">
          <reporter-output>
          </reporter-output>
        </test-method> <!-- browserInitilization -->
        <test-method signature="correctUsernameInvalidPassword()[pri:2, instance:testScript.LoginTest@6aeb35e6]" started-at="2025-08-05T12:53:06 IST" name="correctUsernameInvalidPassword" finished-at="2025-08-05T12:53:06 IST" duration-ms="407" status="PASS">
          <reporter-output>
          </reporter-output>
        </test-method> <!-- correctUsernameInvalidPassword -->
        <test-method is-config="true" signature="browserQuitAndClose()[pri:0, instance:testScript.LoginTest@6aeb35e6]" started-at="2025-08-05T12:53:06 IST" name="browserQuitAndClose" finished-at="2025-08-05T12:53:06 IST" duration-ms="359" status="PASS">
          <reporter-output>
          </reporter-output>
        </test-method> <!-- browserQuitAndClose -->
        <test-method is-config="true" signature="browserInitilization()[pri:0, instance:testScript.LoginTest@6aeb35e6]" started-at="2025-08-05T12:53:06 IST" name="browserInitilization" finished-at="2025-08-05T12:53:08 IST" duration-ms="1732" status="PASS">
          <reporter-output>
          </reporter-output>
        </test-method> <!-- browserInitilization -->
        <test-method signature="correctPasswordIncorrectUsername()[pri:3, instance:testScript.LoginTest@6aeb35e6]" started-at="2025-08-05T12:53:08 IST" name="correctPasswordIncorrectUsername" finished-at="2025-08-05T12:53:09 IST" duration-ms="420" status="PASS">
          <reporter-output>
          </reporter-output>
        </test-method> <!-- correctPasswordIncorrectUsername -->
        <test-method is-config="true" signature="browserQuitAndClose()[pri:0, instance:testScript.LoginTest@6aeb35e6]" started-at="2025-08-05T12:53:09 IST" name="browserQuitAndClose" finished-at="2025-08-05T12:53:09 IST" duration-ms="336" status="PASS">
          <reporter-output>
          </reporter-output>
        </test-method> <!-- browserQuitAndClose -->
        <test-method is-config="true" signature="browserInitilization()[pri:0, instance:testScript.LoginTest@6aeb35e6]" started-at="2025-08-05T12:53:09 IST" name="browserInitilization" finished-at="2025-08-05T12:53:11 IST" duration-ms="1737" status="PASS">
          <reporter-output>
          </reporter-output>
        </test-method> <!-- browserInitilization -->
        <test-method signature="inCorrectUsernameAndPassword()[pri:4, instance:testScript.LoginTest@6aeb35e6]" started-at="2025-08-05T12:53:11 IST" name="inCorrectUsernameAndPassword" finished-at="2025-08-05T12:53:11 IST" duration-ms="441" status="PASS">
          <reporter-output>
          </reporter-output>
        </test-method> <!-- inCorrectUsernameAndPassword -->
        <test-method is-config="true" signature="browserQuitAndClose()[pri:0, instance:testScript.LoginTest@6aeb35e6]" started-at="2025-08-05T12:53:11 IST" name="browserQuitAndClose" finished-at="2025-08-05T12:53:12 IST" duration-ms="564" status="PASS">
          <reporter-output>
          </reporter-output>
        </test-method> <!-- browserQuitAndClose -->
      </class> <!-- testScript.LoginTest -->
    </test> <!-- Default test -->
  </suite> <!-- Default suite -->
</testng-results>
