<?xml version="1.0" encoding="UTF-8"?>
<!-- Generated by org.testng.reporters.JUnitXMLReporter -->
<testsuite ignored="0" hostname="DESKTOP-1B1BE1O" failures="0" tests="4" name="Default test" time="12.36" errors="0" timestamp="2025-08-05T12:53:12 IST">
  <testcase classname="testScript.LoginTest" name="correctUsernameAndPassword" time="1.2"/>
  <testcase classname="testScript.LoginTest" name="correctUsernameInvalidPassword" time="0.407"/>
  <testcase classname="testScript.LoginTest" name="correctPasswordIncorrectUsername" time="0.42"/>
  <testcase classname="testScript.LoginTest" name="inCorrectUsernameAndPassword" time="0.441"/>
</testsuite> <!-- Default test -->
